Using pre-set license
Built from '2020.3/staging' branch; Version is '2020.3.0f1 (c7b5465681fb) revision 13088070'; Using compiler version '192528614'; Build Type 'Release'
OS: 'Windows 10 Home; OS build 19042.985; Version 2009; 64bit' Language: 'sv' Physical Memory: 16200 MB
BatchMode: 1, IsHumanControllingUs: 0, StartBugReporterOnCrash: 0, Is64bit: 1, IsPro: 0

 COMMAND LINE ARGUMENTS:
C:\Program Files\Unity\Hub\Editor\2020.3.0f1\Editor\Unity.exe
-adb2
-batchMode
-noUpm
-name
AssetImportWorker0
-projectPath
C:/Users/isa_A/Desktop/Unity2D/Gameboy
-logFile
Logs/AssetImportWorker0.log
-srvPort
61669
Successfully changed project path to: C:/Users/isa_A/Desktop/Unity2D/Gameboy
C:/Users/isa_A/Desktop/Unity2D/Gameboy
Using Asset Import Pipeline V2.
Refreshing native plugins compatible for Editor in 37.80 ms, found 1 plugins.
Preloading 0 native plugins for Editor in 0.00 ms.
Initialize engine version: 2020.3.0f1 (c7b5465681fb)
[Subsystems] Discovering subsystems at path C:/Program Files/Unity/Hub/Editor/2020.3.0f1/Editor/Data/Resources/UnitySubsystems
[Subsystems] Discovering subsystems at path C:/Users/isa_A/Desktop/Unity2D/Gameboy/Assets
GfxDevice: creating device client; threaded=0
Direct3D:
    Version:  Direct3D 11.0 [level 11.1]
    Renderer: NVIDIA GeForce GTX 1660 Ti (ID=0x2191)
    Vendor:   
    VRAM:     5991 MB
    Driver:   27.21.14.6611
Initialize mono
Mono path[0] = 'C:/Program Files/Unity/Hub/Editor/2020.3.0f1/Editor/Data/Managed'
Mono path[1] = 'C:/Program Files/Unity/Hub/Editor/2020.3.0f1/Editor/Data/MonoBleedingEdge/lib/mono/unityjit'
Mono config path = 'C:/Program Files/Unity/Hub/Editor/2020.3.0f1/Editor/Data/MonoBleedingEdge/etc'
Using monoOptions --debugger-agent=transport=dt_socket,embedding=1,server=y,suspend=n,address=127.0.0.1:56420
Begin MonoManager ReloadAssembly
Registering precompiled unity dll's ...
Register platform support module: C:/Program Files/Unity/Hub/Editor/2020.3.0f1/Editor/Data/PlaybackEngines/WebGLSupport/UnityEditor.WebGL.Extensions.dll
Register platform support module: C:/Program Files/Unity/Hub/Editor/2020.3.0f1/Editor/Data/PlaybackEngines/WindowsStandaloneSupport/UnityEditor.WindowsStandalone.Extensions.dll
Registered in 0.002142 seconds.
Native extension for WindowsStandalone target not found
Native extension for WebGL target not found
Refreshing native plugins compatible for Editor in 40.93 ms, found 1 plugins.
Preloading 0 native plugins for Editor in 0.00 ms.
Invoked RoslynAnalysisRunner static constructor.
RoslynAnalysisRunner will not be running.
RoslynAnalysisRunner has terminated.
Mono: successfully reloaded assembly
- Completed reload, in  2.205 seconds
Platform modules already initialized, skipping
Registering precompiled user dll's ...
Registered in 0.001298 seconds.
Begin MonoManager ReloadAssembly
Native extension for WindowsStandalone target not found
Native extension for WebGL target not found
Refreshing native plugins compatible for Editor in 55.32 ms, found 1 plugins.
Preloading 0 native plugins for Editor in 0.00 ms.
Invoked RoslynAnalysisRunner static constructor.
RoslynAnalysisRunner will not be running.
RoslynAnalysisRunner has terminated.
Mono: successfully reloaded assembly
- Completed reload, in  1.443 seconds
Platform modules already initialized, skipping
========================================================================
Worker process is ready to serve import requests
Launched and connected shader compiler UnityShaderCompiler.exe after 0.07 seconds
Refreshing native plugins compatible for Editor in 0.62 ms, found 1 plugins.
Preloading 0 native plugins for Editor in 0.00 ms.
Unloading 1811 Unused Serialized files (Serialized files now loaded: 0)
System memory in use before: 84.9 MB.
System memory in use after: 84.9 MB.

Unloading 24 unused Assets to reduce memory usage. Loaded Objects now: 2254.
Total: 3.809600 ms (FindLiveObjects: 0.717600 ms CreateObjectMapping: 0.308600 ms MarkObjects: 2.621900 ms  DeleteObjects: 0.159300 ms)

========================================================================
Received Import Request.
  path: Assets/Scripts/Player.cs
  artifactKey: Guid(59a2e295f70f6624ead98922d2ba8176) Importer(815301076,1909f56bfc062723c751e8b465ee728b)
Start importing Assets/Scripts/Player.cs using Guid(59a2e295f70f6624ead98922d2ba8176) Importer(815301076,1909f56bfc062723c751e8b465ee728b)  -> (artifact id: 'f292bce0bfc52af73301911aebdfd16e') in 0.035441 seconds
  Import took 0.039461 seconds .

========================================================================
Received Prepare
Registering precompiled user dll's ...
Registered in 0.000808 seconds.
Begin MonoManager ReloadAssembly
Native extension for WindowsStandalone target not found
Native extension for WebGL target not found
Refreshing native plugins compatible for Editor in 0.41 ms, found 1 plugins.
Preloading 0 native plugins for Editor in 0.00 ms.
Invoked RoslynAnalysisRunner static constructor.
RoslynAnalysisRunner will not be running.
RoslynAnalysisRunner has terminated.
Mono: successfully reloaded assembly
- Completed reload, in  0.733 seconds
Platform modules already initialized, skipping
Refreshing native plugins compatible for Editor in 0.37 ms, found 1 plugins.
Preloading 0 native plugins for Editor in 0.00 ms.
Unloading 1806 Unused Serialized files (Serialized files now loaded: 0)
System memory in use before: 84.9 MB.
System memory in use after: 84.9 MB.

Unloading 12 unused Assets to reduce memory usage. Loaded Objects now: 2258.
Total: 1.913900 ms (FindLiveObjects: 0.312300 ms CreateObjectMapping: 0.126400 ms MarkObjects: 1.366300 ms  DeleteObjects: 0.107800 ms)

========================================================================
Received Prepare
Registering precompiled user dll's ...
Registered in 0.001075 seconds.
Begin MonoManager ReloadAssembly
Native extension for WindowsStandalone target not found
Native extension for WebGL target not found
Refreshing native plugins compatible for Editor in 0.32 ms, found 1 plugins.
Preloading 0 native plugins for Editor in 0.00 ms.
Invoked RoslynAnalysisRunner static constructor.
RoslynAnalysisRunner will not be running.
RoslynAnalysisRunner has terminated.
Mono: successfully reloaded assembly
- Completed reload, in  0.711 seconds
Platform modules already initialized, skipping
Refreshing native plugins compatible for Editor in 0.37 ms, found 1 plugins.
Preloading 0 native plugins for Editor in 0.00 ms.
Unloading 1806 Unused Serialized files (Serialized files now loaded: 0)
System memory in use before: 85.0 MB.
System memory in use after: 84.9 MB.

Unloading 12 unused Assets to reduce memory usage. Loaded Objects now: 2262.
Total: 1.820100 ms (FindLiveObjects: 0.182300 ms CreateObjectMapping: 0.078300 ms MarkObjects: 1.461200 ms  DeleteObjects: 0.097400 ms)

========================================================================
Received Prepare
Registering precompiled user dll's ...
Registered in 0.001041 seconds.
Begin MonoManager ReloadAssembly
Native extension for WindowsStandalone target not found
Native extension for WebGL target not found
Refreshing native plugins compatible for Editor in 0.32 ms, found 1 plugins.
Preloading 0 native plugins for Editor in 0.00 ms.
Invoked RoslynAnalysisRunner static constructor.
RoslynAnalysisRunner will not be running.
RoslynAnalysisRunner has terminated.
Mono: successfully reloaded assembly
- Completed reload, in  0.741 seconds
Platform modules already initialized, skipping
Refreshing native plugins compatible for Editor in 0.34 ms, found 1 plugins.
Preloading 0 native plugins for Editor in 0.00 ms.
Unloading 1806 Unused Serialized files (Serialized files now loaded: 0)
System memory in use before: 85.0 MB.
System memory in use after: 85.0 MB.

Unloading 12 unused Assets to reduce memory usage. Loaded Objects now: 2266.
Total: 1.723200 ms (FindLiveObjects: 0.219000 ms CreateObjectMapping: 0.102100 ms MarkObjects: 1.311200 ms  DeleteObjects: 0.089600 ms)

========================================================================
Received Prepare
Registering precompiled user dll's ...
Registered in 0.000747 seconds.
Begin MonoManager ReloadAssembly
Native extension for WindowsStandalone target not found
Native extension for WebGL target not found
Refreshing native plugins compatible for Editor in 0.33 ms, found 1 plugins.
Preloading 0 native plugins for Editor in 0.00 ms.
Invoked RoslynAnalysisRunner static constructor.
RoslynAnalysisRunner will not be running.
RoslynAnalysisRunner has terminated.
Mono: successfully reloaded assembly
- Completed reload, in  0.743 seconds
Platform modules already initialized, skipping
Refreshing native plugins compatible for Editor in 0.33 ms, found 1 plugins.
Preloading 0 native plugins for Editor in 0.00 ms.
Unloading 1806 Unused Serialized files (Serialized files now loaded: 0)
System memory in use before: 85.0 MB.
System memory in use after: 85.0 MB.

Unloading 12 unused Assets to reduce memory usage. Loaded Objects now: 2270.
Total: 1.959900 ms (FindLiveObjects: 0.302800 ms CreateObjectMapping: 0.066200 ms MarkObjects: 1.462200 ms  DeleteObjects: 0.128000 ms)

========================================================================
Received Prepare
Registering precompiled user dll's ...
Registered in 0.000722 seconds.
Begin MonoManager ReloadAssembly
Native extension for WindowsStandalone target not found
Native extension for WebGL target not found
Refreshing native plugins compatible for Editor in 0.32 ms, found 1 plugins.
Preloading 0 native plugins for Editor in 0.00 ms.
Invoked RoslynAnalysisRunner static constructor.
RoslynAnalysisRunner will not be running.
RoslynAnalysisRunner has terminated.
Mono: successfully reloaded assembly
- Completed reload, in  0.697 seconds
Platform modules already initialized, skipping
Refreshing native plugins compatible for Editor in 0.33 ms, found 1 plugins.
Preloading 0 native plugins for Editor in 0.00 ms.
Unloading 1806 Unused Serialized files (Serialized files now loaded: 0)
System memory in use before: 85.0 MB.
System memory in use after: 85.0 MB.

Unloading 12 unused Assets to reduce memory usage. Loaded Objects now: 2274.
Total: 1.746900 ms (FindLiveObjects: 0.221800 ms CreateObjectMapping: 0.075400 ms MarkObjects: 1.359500 ms  DeleteObjects: 0.089400 ms)

========================================================================
Received Prepare
Registering precompiled user dll's ...
Registered in 0.000907 seconds.
Begin MonoManager ReloadAssembly
Native extension for WindowsStandalone target not found
Native extension for WebGL target not found
Refreshing native plugins compatible for Editor in 0.33 ms, found 1 plugins.
Preloading 0 native plugins for Editor in 0.00 ms.
Invoked RoslynAnalysisRunner static constructor.
RoslynAnalysisRunner will not be running.
RoslynAnalysisRunner has terminated.
Mono: successfully reloaded assembly
- Completed reload, in  0.722 seconds
Platform modules already initialized, skipping
Refreshing native plugins compatible for Editor in 0.33 ms, found 1 plugins.
Preloading 0 native plugins for Editor in 0.00 ms.
Unloading 1806 Unused Serialized files (Serialized files now loaded: 0)
System memory in use before: 85.0 MB.
System memory in use after: 85.0 MB.

Unloading 12 unused Assets to reduce memory usage. Loaded Objects now: 2278.
Total: 1.709900 ms (FindLiveObjects: 0.255000 ms CreateObjectMapping: 0.061700 ms MarkObjects: 1.307500 ms  DeleteObjects: 0.084800 ms)

========================================================================
Received Prepare
Registering precompiled user dll's ...
Registered in 0.000812 seconds.
Begin MonoManager ReloadAssembly
Native extension for WindowsStandalone target not found
Native extension for WebGL target not found
Refreshing native plugins compatible for Editor in 0.33 ms, found 1 plugins.
Preloading 0 native plugins for Editor in 0.00 ms.
Invoked RoslynAnalysisRunner static constructor.
RoslynAnalysisRunner will not be running.
RoslynAnalysisRunner has terminated.
Mono: successfully reloaded assembly
- Completed reload, in  0.776 seconds
Platform modules already initialized, skipping
Refreshing native plugins compatible for Editor in 0.36 ms, found 1 plugins.
Preloading 0 native plugins for Editor in 0.00 ms.
Unloading 1806 Unused Serialized files (Serialized files now loaded: 0)
System memory in use before: 85.0 MB.
System memory in use after: 85.0 MB.

Unloading 12 unused Assets to reduce memory usage. Loaded Objects now: 2282.
Total: 2.340200 ms (FindLiveObjects: 0.470800 ms CreateObjectMapping: 0.222300 ms MarkObjects: 1.546600 ms  DeleteObjects: 0.098700 ms)

========================================================================
Received Import Request.
  Time since last request: 551.175729 seconds.
  path: Assets/Scripts/GameHandler.cs
  artifactKey: Guid(a37e63ac4956a6340abc8bc7beffd515) Importer(815301076,1909f56bfc062723c751e8b465ee728b)
Start importing Assets/Scripts/GameHandler.cs using Guid(a37e63ac4956a6340abc8bc7beffd515) Importer(815301076,1909f56bfc062723c751e8b465ee728b)  -> (artifact id: '1f35a419da5cb0095f450c13f963558a') in 0.010718 seconds
  Import took 0.014368 seconds .

========================================================================
Received Import Request.
  Time since last request: 0.020746 seconds.
  path: Assets/Scripts/GameHandler.cs
  artifactKey: Guid(a37e63ac4956a6340abc8bc7beffd515) Importer(815301076,1909f56bfc062723c751e8b465ee728b)
Start importing Assets/Scripts/GameHandler.cs using Guid(a37e63ac4956a6340abc8bc7beffd515) Importer(815301076,1909f56bfc062723c751e8b465ee728b)  -> (artifact id: '1f35a419da5cb0095f450c13f963558a') in 0.002100 seconds
  Import took 0.004858 seconds .

========================================================================
Received Prepare
Registering precompiled user dll's ...
Registered in 0.000865 seconds.
Begin MonoManager ReloadAssembly
Native extension for WindowsStandalone target not found
Native extension for WebGL target not found
Refreshing native plugins compatible for Editor in 0.32 ms, found 1 plugins.
Preloading 0 native plugins for Editor in 0.00 ms.
Invoked RoslynAnalysisRunner static constructor.
RoslynAnalysisRunner will not be running.
RoslynAnalysisRunner has terminated.
Mono: successfully reloaded assembly
- Completed reload, in  0.729 seconds
Platform modules already initialized, skipping
Refreshing native plugins compatible for Editor in 0.32 ms, found 1 plugins.
Preloading 0 native plugins for Editor in 0.00 ms.
Unloading 1806 Unused Serialized files (Serialized files now loaded: 0)
System memory in use before: 85.0 MB.
System memory in use after: 85.0 MB.

Unloading 12 unused Assets to reduce memory usage. Loaded Objects now: 2286.
Total: 1.949900 ms (FindLiveObjects: 0.231300 ms CreateObjectMapping: 0.109000 ms MarkObjects: 1.524300 ms  DeleteObjects: 0.084400 ms)

========================================================================
Received Import Request.
  Time since last request: 651.637197 seconds.
  path: Assets/Scripts/GameHandler.cs
  artifactKey: Guid(a37e63ac4956a6340abc8bc7beffd515) Importer(815301076,1909f56bfc062723c751e8b465ee728b)
Start importing Assets/Scripts/GameHandler.cs using Guid(a37e63ac4956a6340abc8bc7beffd515) Importer(815301076,1909f56bfc062723c751e8b465ee728b)  -> (artifact id: '9d1cf8ab15f57a29ffad8ed9772127c3') in 0.004063 seconds
  Import took 0.008271 seconds .

========================================================================
Received Prepare
Registering precompiled user dll's ...
Registered in 0.000768 seconds.
Begin MonoManager ReloadAssembly
Native extension for WindowsStandalone target not found
Native extension for WebGL target not found
Refreshing native plugins compatible for Editor in 0.37 ms, found 1 plugins.
Preloading 0 native plugins for Editor in 0.00 ms.
Invoked RoslynAnalysisRunner static constructor.
RoslynAnalysisRunner will not be running.
RoslynAnalysisRunner has terminated.
Mono: successfully reloaded assembly
- Completed reload, in  0.733 seconds
Platform modules already initialized, skipping
Refreshing native plugins compatible for Editor in 0.34 ms, found 1 plugins.
Preloading 0 native plugins for Editor in 0.00 ms.
Unloading 1806 Unused Serialized files (Serialized files now loaded: 0)
System memory in use before: 85.0 MB.
System memory in use after: 85.0 MB.

Unloading 12 unused Assets to reduce memory usage. Loaded Objects now: 2290.
Total: 2.076400 ms (FindLiveObjects: 0.458900 ms CreateObjectMapping: 0.136300 ms MarkObjects: 1.381800 ms  DeleteObjects: 0.098000 ms)

========================================================================
Received Prepare
Registering precompiled user dll's ...
Registered in 0.000795 seconds.
Begin MonoManager ReloadAssembly
Native extension for WindowsStandalone target not found
Native extension for WebGL target not found
Refreshing native plugins compatible for Editor in 0.44 ms, found 1 plugins.
Preloading 0 native plugins for Editor in 0.00 ms.
Invoked RoslynAnalysisRunner static constructor.
RoslynAnalysisRunner will not be running.
RoslynAnalysisRunner has terminated.
Mono: successfully reloaded assembly
- Completed reload, in  0.704 seconds
Platform modules already initialized, skipping
Refreshing native plugins compatible for Editor in 0.32 ms, found 1 plugins.
Preloading 0 native plugins for Editor in 0.00 ms.
Unloading 1806 Unused Serialized files (Serialized files now loaded: 0)
System memory in use before: 85.1 MB.
System memory in use after: 85.0 MB.

Unloading 12 unused Assets to reduce memory usage. Loaded Objects now: 2294.
Total: 1.914300 ms (FindLiveObjects: 0.207200 ms CreateObjectMapping: 0.183700 ms MarkObjects: 1.434300 ms  DeleteObjects: 0.088400 ms)

========================================================================
Received Prepare
Registering precompiled user dll's ...
Registered in 0.000964 seconds.
Begin MonoManager ReloadAssembly
Native extension for WindowsStandalone target not found
Native extension for WebGL target not found
Refreshing native plugins compatible for Editor in 0.33 ms, found 1 plugins.
Preloading 0 native plugins for Editor in 0.00 ms.
Invoked RoslynAnalysisRunner static constructor.
RoslynAnalysisRunner will not be running.
RoslynAnalysisRunner has terminated.
Mono: successfully reloaded assembly
- Completed reload, in  0.745 seconds
Platform modules already initialized, skipping
Refreshing native plugins compatible for Editor in 0.35 ms, found 1 plugins.
Preloading 0 native plugins for Editor in 0.00 ms.
Unloading 1806 Unused Serialized files (Serialized files now loaded: 0)
System memory in use before: 85.1 MB.
System memory in use after: 85.1 MB.

Unloading 12 unused Assets to reduce memory usage. Loaded Objects now: 2298.
Total: 1.734400 ms (FindLiveObjects: 0.225500 ms CreateObjectMapping: 0.089400 ms MarkObjects: 1.329700 ms  DeleteObjects: 0.089100 ms)

========================================================================
Received Prepare
Registering precompiled user dll's ...
Registered in 0.000818 seconds.
Begin MonoManager ReloadAssembly
Native extension for WindowsStandalone target not found
Native extension for WebGL target not found
Refreshing native plugins compatible for Editor in 0.32 ms, found 1 plugins.
Preloading 0 native plugins for Editor in 0.00 ms.
Invoked RoslynAnalysisRunner static constructor.
RoslynAnalysisRunner will not be running.
RoslynAnalysisRunner has terminated.
Mono: successfully reloaded assembly
- Completed reload, in  0.688 seconds
Platform modules already initialized, skipping
Refreshing native plugins compatible for Editor in 0.32 ms, found 1 plugins.
Preloading 0 native plugins for Editor in 0.00 ms.
Unloading 1806 Unused Serialized files (Serialized files now loaded: 0)
System memory in use before: 85.1 MB.
System memory in use after: 85.1 MB.

Unloading 12 unused Assets to reduce memory usage. Loaded Objects now: 2302.
Total: 2.020000 ms (FindLiveObjects: 0.208500 ms CreateObjectMapping: 0.100200 ms MarkObjects: 1.611300 ms  DeleteObjects: 0.099000 ms)

========================================================================
Received Prepare
Registering precompiled user dll's ...
Registered in 0.000831 seconds.
Begin MonoManager ReloadAssembly
Native extension for WindowsStandalone target not found
Native extension for WebGL target not found
Refreshing native plugins compatible for Editor in 0.32 ms, found 1 plugins.
Preloading 0 native plugins for Editor in 0.00 ms.
Invoked RoslynAnalysisRunner static constructor.
RoslynAnalysisRunner will not be running.
RoslynAnalysisRunner has terminated.
Mono: successfully reloaded assembly
- Completed reload, in  0.734 seconds
Platform modules already initialized, skipping
Refreshing native plugins compatible for Editor in 0.32 ms, found 1 plugins.
Preloading 0 native plugins for Editor in 0.00 ms.
Unloading 1806 Unused Serialized files (Serialized files now loaded: 0)
System memory in use before: 85.1 MB.
System memory in use after: 85.1 MB.

Unloading 12 unused Assets to reduce memory usage. Loaded Objects now: 2306.
Total: 1.661000 ms (FindLiveObjects: 0.230900 ms CreateObjectMapping: 0.068900 ms MarkObjects: 1.274200 ms  DeleteObjects: 0.086400 ms)

========================================================================
Received Prepare
Registering precompiled user dll's ...
Registered in 0.001136 seconds.
Begin MonoManager ReloadAssembly
Native extension for WindowsStandalone target not found
Native extension for WebGL target not found
Refreshing native plugins compatible for Editor in 0.33 ms, found 1 plugins.
Preloading 0 native plugins for Editor in 0.00 ms.
Invoked RoslynAnalysisRunner static constructor.
RoslynAnalysisRunner will not be running.
RoslynAnalysisRunner has terminated.
Mono: successfully reloaded assembly
- Completed reload, in  0.752 seconds
Platform modules already initialized, skipping
Refreshing native plugins compatible for Editor in 0.33 ms, found 1 plugins.
Preloading 0 native plugins for Editor in 0.00 ms.
Unloading 1806 Unused Serialized files (Serialized files now loaded: 0)
System memory in use before: 85.1 MB.
System memory in use after: 85.1 MB.

Unloading 12 unused Assets to reduce memory usage. Loaded Objects now: 2310.
Total: 2.022400 ms (FindLiveObjects: 0.199100 ms CreateObjectMapping: 0.100000 ms MarkObjects: 1.629700 ms  DeleteObjects: 0.093100 ms)

========================================================================
Received Prepare
Registering precompiled user dll's ...
Registered in 0.000866 seconds.
Begin MonoManager ReloadAssembly
Native extension for WindowsStandalone target not found
Native extension for WebGL target not found
Refreshing native plugins compatible for Editor in 0.35 ms, found 1 plugins.
Preloading 0 native plugins for Editor in 0.00 ms.
Invoked RoslynAnalysisRunner static constructor.
RoslynAnalysisRunner will not be running.
RoslynAnalysisRunner has terminated.
Mono: successfully reloaded assembly
- Completed reload, in  0.808 seconds
Platform modules already initialized, skipping
Refreshing native plugins compatible for Editor in 0.33 ms, found 1 plugins.
Preloading 0 native plugins for Editor in 0.00 ms.
Unloading 1806 Unused Serialized files (Serialized files now loaded: 0)
System memory in use before: 85.1 MB.
System memory in use after: 85.1 MB.

Unloading 12 unused Assets to reduce memory usage. Loaded Objects now: 2314.
Total: 2.453900 ms (FindLiveObjects: 0.263900 ms CreateObjectMapping: 0.072500 ms MarkObjects: 1.963600 ms  DeleteObjects: 0.152900 ms)

========================================================================
Received Prepare
Registering precompiled user dll's ...
Registered in 0.000737 seconds.
Begin MonoManager ReloadAssembly
Native extension for WindowsStandalone target not found
Native extension for WebGL target not found
Refreshing native plugins compatible for Editor in 0.35 ms, found 1 plugins.
Preloading 0 native plugins for Editor in 0.00 ms.
Invoked RoslynAnalysisRunner static constructor.
RoslynAnalysisRunner will not be running.
RoslynAnalysisRunner has terminated.
Mono: successfully reloaded assembly
- Completed reload, in  0.692 seconds
Platform modules already initialized, skipping
Refreshing native plugins compatible for Editor in 0.46 ms, found 1 plugins.
Preloading 0 native plugins for Editor in 0.00 ms.
Unloading 1806 Unused Serialized files (Serialized files now loaded: 0)
System memory in use before: 85.1 MB.
System memory in use after: 85.1 MB.

Unloading 12 unused Assets to reduce memory usage. Loaded Objects now: 2318.
Total: 1.606500 ms (FindLiveObjects: 0.190000 ms CreateObjectMapping: 0.065600 ms MarkObjects: 1.261700 ms  DeleteObjects: 0.088400 ms)

AssetImportWorkerClient::OnTransportError - code=2 error=End of file
